<?xml version="1.0" encoding="UTF-8"?>
<!-- Generated by org.testng.reporters.JUnitReportReporter -->
<testsuite hostname="hms-update4" name="com.hotelogix.smoke.AdminTest.AdminTest" tests="1" failures="0" timestamp="30 Nov 2016 08:40:10 GMT" time="276.013" errors="0">
  <testcase name="TC_113" time="276.013" classname="com.hotelogix.smoke.AdminTest.AdminTest"/>
</testsuite> <!-- com.hotelogix.smoke.AdminTest.AdminTest -->
